<?xml version="1.0" encoding="UTF-8"?>
<testsuite xmlns:xsi="http://www.w3.org/2001/XMLSchema-instance" xsi:noNamespaceSchemaLocation="https://maven.apache.org/surefire/maven-surefire-plugin/xsd/surefire-test-report-3.0.xsd" version="3.0" name="com.pharma.login.AuthServiceTest" time="0.126" tests="5" errors="0" skipped="0" failures="0">
  <properties>
[...]
</properties>
  <testcase name="testAuthenticateWithNullValues" classname="com.pharma.login.AuthServiceTest" time="0.064"/>
  <testcase name="testAuthenticateWithInvalidUsername" classname="com.pharma.login.AuthServiceTest" time="0.001"/>
  <testcase name="testAuthenticateWithSpacesAndCase" classname="com.pharma.login.AuthServiceTest" time="0.002"/>
  <testcase name="testAuthenticateWithInvalidPassword" classname="com.pharma.login.AuthServiceTest" time="0.002"/>
  <testcase name="testAuthenticateWithValidCredentials" classname="com.pharma.login.AuthServiceTest" time="0.001"/>
</testsuite>